<?xml version="1.0" encoding="UTF-8"?>
<!-- Generated by org.testng.reporters.JUnitReportReporter -->
<testsuite hostname="GauravAhuja" failures="0" tests="1" name="MavenP.PrMaven.MAHLogin" time="6.780" errors="0" timestamp="2023-06-16T07:45:25 IST" skipped="0">
  <testcase classname="MavenP.PrMaven.MAHLogin" name="mahForget" time="6.780"/>
  <system-out/>
</testsuite> <!-- MavenP.PrMaven.MAHLogin -->
