<?xml version="1.0" encoding="UTF-8"?>
<!-- Generated by org.testng.reporters.JUnitReportReporter -->
<testsuite hostname="GauravAhuja" failures="0" tests="1" name="MavenP.PrMaven.MAHLandingTest" time="31.127" errors="0" timestamp="2023-06-17T23:08:09 IST" skipped="0">
  <testcase classname="MavenP.PrMaven.MAHLandingTest" name="MAHOrder" time="31.127"/>
  <system-out/>
</testsuite> <!-- MavenP.PrMaven.MAHLandingTest -->
